rocon_remocon/build/outputs/apk/manifest-merger-indigo-debug-report.txt
-- Merging decision tree log ---
manifest
ADDED from AndroidManifest.xml:2:1
	package
		ADDED from AndroidManifest.xml:3:7
		INJECTED from AndroidManifest.xml:0:0
		INJECTED from AndroidManifest.xml:0:0
	android:versionName
		INJECTED from AndroidManifest.xml:0:0
		INJECTED from AndroidManifest.xml:0:0
	xmlns:tools
		ADDED from AndroidManifest.xml:4:7
	xmlns:android
		ADDED from AndroidManifest.xml:2:11
	android:versionCode
		INJECTED from AndroidManifest.xml:0:0
		INJECTED from AndroidManifest.xml:0:0
uses-permission#android.permission.WRITE_EXTERNAL_STORAGE
ADDED from AndroidManifest.xml:6:5
MERGED from org.ros.android_core:android_10:0.2.0:12:5
MERGED from org.ros.android_core:android_10:0.2.0:12:5
	android:name
		ADDED from AndroidManifest.xml:6:22
uses-permission#android.permission.ACCESS_WIFI_STATE
ADDED from AndroidManifest.xml:7:5
MERGED from org.ros.android_core:android_10:0.2.0:13:5
MERGED from org.ros.android_core:android_10:0.2.0:13:5
	android:name
		ADDED from AndroidManifest.xml:7:22
uses-permission#android.permission.CHANGE_WIFI_STATE
ADDED from AndroidManifest.xml:8:5
MERGED from org.ros.android_core:android_10:0.2.0:14:5
MERGED from org.ros.android_core:android_10:0.2.0:14:5
	android:name
		ADDED from AndroidManifest.xml:8:22
uses-permission#android.permission.INTERNET
ADDED from AndroidManifest.xml:9:5
	android:name
		ADDED from AndroidManifest.xml:9:22
uses-permission#android.permission.VIBRATE
ADDED from AndroidManifest.xml:10:5
	android:name
		ADDED from AndroidManifest.xml:10:22
uses-permission#android.permission.WAKE_LOCK
ADDED from AndroidManifest.xml:11:5
MERGED from org.ros.android_core:android_10:0.2.0:15:5
MERGED from org.ros.android_core:android_10:0.2.0:15:5
	android:name
		ADDED from AndroidManifest.xml:11:22
uses-permission#android.permission.NFC
ADDED from AndroidManifest.xml:12:5
	android:name
		ADDED from AndroidManifest.xml:12:22
application
ADDED from AndroidManifest.xml:14:5
MERGED from org.ros.android_core:android_10:0.2.0:18:5
MERGED from org.ros.android_core:android_10:0.2.0:18:5
	android:label
		ADDED from AndroidManifest.xml:14:18
		REJECTED from org.ros.android_core:android_10:0.2.0:20:9
		REJECTED from org.ros.android_core:android_10:0.2.0:20:9
	android:icon
		ADDED from AndroidManifest.xml:15:18
		REJECTED from org.ros.android_core:android_10:0.2.0:19:9
		REJECTED from org.ros.android_core:android_10:0.2.0:19:9
	tools:replace
		ADDED from AndroidManifest.xml:16:18
provider#com.github.rosjava.android_remocons.rocon_remocon.Database
ADDED from AndroidManifest.xml:17:9
	android:authorities
		ADDED from AndroidManifest.xml:19:13
	android:name
		ADDED from AndroidManifest.xml:18:13
activity#com.github.rosjava.android_remocons.rocon_remocon.Remocon
ADDED from AndroidManifest.xml:21:9
	android:label
		ADDED from AndroidManifest.xml:22:19
	android:name
		ADDED from AndroidManifest.xml:21:19
intent-filter#android.intent.category.DEFAULT+com.github.rosjava.android_remocons.rocon_remocon.Remocon
ADDED from AndroidManifest.xml:24:13
action#com.github.rosjava.android_remocons.rocon_remocon.Remocon
ADDED from AndroidManifest.xml:25:17
	android:name
		ADDED from AndroidManifest.xml:25:25
category#android.intent.category.DEFAULT
ADDED from AndroidManifest.xml:26:17
	android:name
		ADDED from AndroidManifest.xml:26:27
intent-filter#android.intent.action.MAIN+android.intent.category.LAUNCHER
ADDED from AndroidManifest.xml:28:13
action#android.intent.action.MAIN
ADDED from AndroidManifest.xml:29:17
	android:name
		ADDED from AndroidManifest.xml:29:25
category#android.intent.category.LAUNCHER
ADDED from AndroidManifest.xml:30:17
	android:name
		ADDED from AndroidManifest.xml:30:27
activity#com.github.rosjava.android_remocons.rocon_remocon.MasterChooser
ADDED from AndroidManifest.xml:33:9
	android:name
		ADDED from AndroidManifest.xml:33:19
activity#com.github.rosjava.android_remocons.rocon_remocon.NfcLauncherActivity
ADDED from AndroidManifest.xml:34:9
	android:label
		ADDED from AndroidManifest.xml:35:19
	android:name
		ADDED from AndroidManifest.xml:34:19
intent-filter#android.intent.category.DEFAULT+android.intent.category.LAUNCHER+android.nfc.action.NDEF_DISCOVERED
ADDED from AndroidManifest.xml:36:13
action#android.nfc.action.NDEF_DISCOVERED
ADDED from AndroidManifest.xml:37:17
	android:name
		ADDED from AndroidManifest.xml:37:25
data
ADDED from AndroidManifest.xml:40:17
	android:mimeType
		ADDED from AndroidManifest.xml:40:23
activity#com.github.rosjava.android_remocons.common_tools.nfc.NfcReaderActivity
ADDED from AndroidManifest.xml:43:9
	android:name
		ADDED from AndroidManifest.xml:43:19
service#org.ros.android.NodeMainExecutorService
ADDED from AndroidManifest.xml:45:9
MERGED from org.ros.android_core:android_10:0.2.0:26:9
MERGED from org.ros.android_core:android_10:0.2.0:26:9
	tools:ignore
		ADDED from org.ros.android_core:android_10:0.2.0:28:13
	android:name
		ADDED from AndroidManifest.xml:45:18
intent-filter#org.ros.android.NodeMainExecutorService
ADDED from AndroidManifest.xml:46:13
action#org.ros.android.NodeMainExecutorService
ADDED from AndroidManifest.xml:47:17
	android:name
		ADDED from AndroidManifest.xml:47:25
uses-sdk
INJECTED from AndroidManifest.xml:0:0 reason: use-sdk injection requested
MERGED from com.github.rosjava.android_remocons:common_tools:0.2.0:8:5
MERGED from org.ros.android_core:android_10:0.2.0:8:5
MERGED from com.github.rosjava.android_extras:gingerbread:0.2.0:8:5
MERGED from com.github.rosjava.android_extras:zxing:0.2.0:7:5
MERGED from org.ros.android_core:android_10:0.2.0:8:5
MERGED from com.github.rosjava.android_extras:zxing:0.2.0:7:5
	android:targetSdkVersion
		INJECTED from AndroidManifest.xml:0:0
		INJECTED from AndroidManifest.xml:0:0
	android:minSdkVersion
		INJECTED from AndroidManifest.xml:0:0
		INJECTED from AndroidManifest.xml:0:0
uses-permission#android.permission.SYSTEM_ALERT_WINDOW
ADDED from org.ros.android_core:android_10:0.2.0:16:5
MERGED from org.ros.android_core:android_10:0.2.0:16:5
	android:name
		ADDED from org.ros.android_core:android_10:0.2.0:16:22
activity#org.ros.android.MasterChooser
ADDED from org.ros.android_core:android_10:0.2.0:21:9
MERGED from org.ros.android_core:android_10:0.2.0:21:9
	android:label
		ADDED from org.ros.android_core:android_10:0.2.0:23:13
	android:launchMode
		ADDED from org.ros.android_core:android_10:0.2.0:24:13
	android:name
		ADDED from org.ros.android_core:android_10:0.2.0:22:13
android:uses-permission#android.permission.READ_EXTERNAL_STORAGE
IMPLIED from AndroidManifest.xml:2:1 reason: org.ros.android.android_10 requested WRITE_EXTERNAL_STORAGE